#
# There is insufficient memory for the Java Runtime Environment to continue.
# Native memory allocation (malloc) failed to allocate 2225232 bytes for Chunk::new
# Possible reasons:
#   The system is out of physical RAM or swap space
#   The process is running with CompressedOops enabled, and the Java Heap may be blocking the growth of the native heap
# Possible solutions:
#   Reduce memory load on the system
#   Increase physical memory or swap space
#   Check if swap backing store is full
#   Decrease Java heap size (-Xmx/-Xms)
#   Decrease number of Java threads
#   Decrease Java thread stack sizes (-Xss)
#   Set larger code cache with -XX:ReservedCodeCacheSize=
#   JVM is running with Unscaled Compressed Oops mode in which the Java heap is
#     placed in the first 4GB address space. The Java Heap base address is the
#     maximum limit for the native heap growth. Please use -XX:HeapBaseMinAddress
#     to set the Java Heap base and to place the Java Heap above 4GB virtual address.
# This output file may be truncated or incomplete.
#
#  Out of Memory Error (allocation.cpp:389), pid=13476, tid=0x0000000000003248
#
# JRE version: Java(TM) SE Runtime Environment (8.0_431) (build 1.8.0_431-b10)
# Java VM: Java HotSpot(TM) 64-Bit Server VM (25.431-b10 mixed mode windows-amd64 compressed oops)
# Failed to write core dump. Minidumps are not enabled by default on client versions of Windows
#

---------------  T H R E A D  ---------------

Current thread (0x000001e69d991800):  JavaThread "C2 CompilerThread0" daemon [_thread_in_native, id=12872, stack(0x000000e593900000,0x000000e593a00000)]

Stack: [0x000000e593900000,0x000000e593a00000]
Native frames: (J=compiled Java code, j=interpreted, Vv=VM code, C=native code)
V  [jvm.dll+0x34ba89]
V  [jvm.dll+0x288e12]
V  [jvm.dll+0x2899e0]
V  [jvm.dll+0x27dc65]
V  [jvm.dll+0xd9d8c]
V  [jvm.dll+0xda71c]
V  [jvm.dll+0x4952bc]
V  [jvm.dll+0x458a02]
V  [jvm.dll+0x461b0f]
V  [jvm.dll+0x460f02]
V  [jvm.dll+0x44abac]
V  [jvm.dll+0xaf385]
V  [jvm.dll+0xada9f]
V  [jvm.dll+0x24e539]
V  [jvm.dll+0x2a595c]
C  [ucrtbase.dll+0x29333]
C  [KERNEL32.DLL+0x1259d]
C  [ntdll.dll+0x5af38]


Current CompileTask:
C2:   2959 1642       4       java.net.URLClassLoader$1::run (5 bytes)


---------------  P R O C E S S  ---------------

Java Threads: ( => current thread )
  0x000001e69da1c000 JavaThread "Service Thread" daemon [_thread_blocked, id=5704, stack(0x000000e593c00000,0x000000e593d00000)]
  0x000001e69d9d0000 JavaThread "C1 CompilerThread2" daemon [_thread_blocked, id=5516, stack(0x000000e593b00000,0x000000e593c00000)]
  0x000001e69d993800 JavaThread "C2 CompilerThread1" daemon [_thread_in_native, id=13448, stack(0x000000e593a00000,0x000000e593b00000)]
=>0x000001e69d991800 JavaThread "C2 CompilerThread0" daemon [_thread_in_native, id=12872, stack(0x000000e593900000,0x000000e593a00000)]
  0x000001e69d98e800 JavaThread "Attach Listener" daemon [_thread_blocked, id=9144, stack(0x000000e593800000,0x000000e593900000)]
  0x000001e69d98d000 JavaThread "Signal Dispatcher" daemon [_thread_blocked, id=2772, stack(0x000000e593700000,0x000000e593800000)]
  0x000001e69d96c000 JavaThread "Finalizer" daemon [_thread_blocked, id=13856, stack(0x000000e593600000,0x000000e593700000)]
  0x000001e69d965000 JavaThread "Reference Handler" daemon [_thread_blocked, id=13928, stack(0x000000e593500000,0x000000e593600000)]
  0x000001e68a00e800 JavaThread "main" [_thread_in_native, id=5424, stack(0x000000e592f00000,0x000000e593000000)]

Other Threads:
  0x000001e69d942800 VMThread [stack: 0x000000e593400000,0x000000e593500000] [id=2476]
  0x000001e69da00000 WatcherThread [stack: 0x000000e593d00000,0x000000e593e00000] [id=2852]

VM state:not at safepoint (normal execution)

VM Mutex/Monitor currently owned by a thread: None

heap address: 0x00000000d0000000, size: 768 MB, Compressed Oops mode: 32-bit
Narrow klass base: 0x0000000000000000, Narrow klass shift: 3
Compressed class space size: 1073741824 Address: 0x0000000100000000

Heap:
 PSYoungGen      total 153088K, used 100069K [0x00000000f0000000, 0x00000000faa80000, 0x0000000100000000)
  eden space 131584K, 76% used [0x00000000f0000000,0x00000000f61b9540,0x00000000f8080000)
  from space 21504K, 0% used [0x00000000f9580000,0x00000000f9580000,0x00000000faa80000)
  to   space 21504K, 0% used [0x00000000f8080000,0x00000000f8080000,0x00000000f9580000)
 ParOldGen       total 349696K, used 0K [0x00000000d0000000, 0x00000000e5580000, 0x00000000f0000000)
  object space 349696K, 0% used [0x00000000d0000000,0x00000000d0000000,0x00000000e5580000)
 Metaspace       used 15007K, capacity 15196K, committed 15616K, reserved 1062912K
  class space    used 1849K, capacity 1938K, committed 2048K, reserved 1048576K

Card table byte_map: [0x000001e69ad20000,0x000001e69aeb0000] byte_map_base: 0x000001e69a6a0000

Marking Bits: (ParMarkBitMap*) 0x00007ff9dcb00200
 Begin Bits: [0x000001e69afb0000, 0x000001e69bbb0000)
 End Bits:   [0x000001e69bbb0000, 0x000001e69c7b0000)

Polling page: 0x000001e68a170000

CodeCache: size=245760Kb used=6823Kb max_used=6839Kb free=238936Kb
 bounds [0x000001e68b960000, 0x000001e68c020000, 0x000001e69a960000]
 total_blobs=2313 nmethods=1959 adapters=266
 compilation: enabled

Compilation events (10 events):
Event: 2.902 Thread 0x000001e69d9d0000 1962       3       org.eclipse.aether.graph.Dependency::<init> (43 bytes)
Event: 2.902 Thread 0x000001e69d9d0000 nmethod 1962 0x000001e68bff8610 code [0x000001e68bff87a0, 0x000001e68bff8b70]
Event: 2.903 Thread 0x000001e69d9d0000 1963       3       org.eclipse.aether.artifact.DefaultArtifact::<init> (130 bytes)
Event: 2.903 Thread 0x000001e69d9d0000 nmethod 1963 0x000001e68bff7510 code [0x000001e68bff7720, 0x000001e68bff81d0]
Event: 2.903 Thread 0x000001e69d9d0000 1964       3       org.eclipse.aether.graph.Dependency::<init> (13 bytes)
Event: 2.903 Thread 0x000001e69d9d0000 nmethod 1964 0x000001e68c0087d0 code [0x000001e68c008960, 0x000001e68c008db0]
Event: 2.903 Thread 0x000001e69d9d0000 1965       3       org.apache.maven.repository.internal.ArtifactDescriptorReaderDelegate::convert (205 bytes)
Event: 2.905 Thread 0x000001e69d9d0000 nmethod 1965 0x000001e68c008fd0 code [0x000001e68c0093c0, 0x000001e68c00b650]
Event: 2.905 Thread 0x000001e69d9d0000 1966       3       org.eclipse.aether.internal.impl.CachingArtifactTypeRegistry::get (43 bytes)
Event: 2.906 Thread 0x000001e69d9d0000 nmethod 1966 0x000001e68c00cb10 code [0x000001e68c00cca0, 0x000001e68c00d1b0]

GC Heap History (0 events):
No events

Deoptimization events (10 events):
Event: 2.386 Thread 0x000001e68a00e800 Uncommon trap: reason=unstable_if action=reinterpret pc=0x000001e68bb00218 method=java.lang.String.replace(CC)Ljava/lang/String; @ 2
Event: 2.434 Thread 0x000001e68a00e800 Uncommon trap: reason=predicate action=maybe_recompile pc=0x000001e68bcb7754 method=java.lang.String.regionMatches(ZILjava/lang/String;II)Z @ 63
Event: 2.480 Thread 0x000001e68a00e800 Uncommon trap: reason=unstable_if action=reinterpret pc=0x000001e68bec6fc0 method=org.codehaus.plexus.util.xml.pull.MXParser.nextImpl()I @ 879
Event: 2.486 Thread 0x000001e68a00e800 Uncommon trap: reason=unstable_if action=reinterpret pc=0x000001e68bdc0ca4 method=java.lang.String.substring(I)Ljava/lang/String; @ 35
Event: 2.563 Thread 0x000001e68a00e800 Uncommon trap: reason=unstable_if action=reinterpret pc=0x000001e68beb4a20 method=org.codehaus.plexus.util.xml.pull.MXParser.isS(C)Z @ 21
Event: 2.584 Thread 0x000001e68a00e800 Uncommon trap: reason=unstable_if action=reinterpret pc=0x000001e68bbfaec4 method=sun.nio.cs.UTF_8$Decoder.decode([BII[C)I @ 30
Event: 2.585 Thread 0x000001e68a00e800 Uncommon trap: reason=unstable_if action=reinterpret pc=0x000001e68bbfb4d4 method=sun.nio.cs.UTF_8$Decoder.decodeArrayLoop(Ljava/nio/ByteBuffer;Ljava/nio/CharBuffer;)Ljava/nio/charset/CoderResult; @ 84
Event: 2.642 Thread 0x000001e68a00e800 Uncommon trap: reason=null_check action=make_not_entrant pc=0x000001e68bf7c768 method=org.apache.maven.model.io.xpp3.MavenXpp3Reader.checkFieldWithDuplicate(Lorg/codehaus/plexus/util/xml/pull/XmlPullParser;Ljava/lang/String;Ljava/lang/String;Ljava/util/Se
Event: 2.724 Thread 0x000001e68a00e800 Uncommon trap: reason=unstable_if action=reinterpret pc=0x000001e68bf3d4c0 method=org.codehaus.plexus.util.xml.pull.MXParser.nextImpl()I @ 972
Event: 2.817 Thread 0x000001e68a00e800 Uncommon trap: reason=predicate action=maybe_recompile pc=0x000001e68bc25b50 method=java.nio.charset.CharsetDecoder.decode(Ljava/nio/ByteBuffer;Ljava/nio/CharBuffer;Z)Ljava/nio/charset/CoderResult; @ 54

Classes redefined (0 events):
No events

Internal exceptions (10 events):
Event: 1.901 Thread 0x000001e68a00e800 Exception <a 'java/lang/NoClassDefFoundError': com/google/inject/servlet/ServletModuleTargetVisitor> (0x00000000f49ae0d8) thrown at [C:\jenkins\workspace\8-2-build-windows-x64-cygwin-sans-NAS\jdk8u431\1359\hotspot\src\share\vm\classfile\systemDictionary.c
Event: 1.901 Thread 0x000001e68a00e800 Exception <a 'java/lang/NoClassDefFoundError'> (0x00000000f49ae0d8) thrown at [C:\jenkins\workspace\8-2-build-windows-x64-cygwin-sans-NAS\jdk8u431\1359\hotspot\src\share\vm\prims\jvm.cpp, line 1517]
Event: 1.901 Thread 0x000001e68a00e800 Exception <a 'java/lang/NoClassDefFoundError': javax/annotation/Priority> (0x00000000f49b35c8) thrown at [C:\jenkins\workspace\8-2-build-windows-x64-cygwin-sans-NAS\jdk8u431\1359\hotspot\src\share\vm\classfile\systemDictionary.cpp, line 202]
Event: 2.191 Thread 0x000001e68a00e800 Exception <a 'java/lang/NullPointerException'> (0x00000000f5090cb0) thrown at [C:\jenkins\workspace\8-2-build-windows-x64-cygwin-sans-NAS\jdk8u431\1359\hotspot\src\share\vm\interpreter\linkResolver.cpp, line 1185]
Event: 2.191 Thread 0x000001e68a00e800 Exception <a 'java/lang/NullPointerException'> (0x00000000f5090ec8) thrown at [C:\jenkins\workspace\8-2-build-windows-x64-cygwin-sans-NAS\jdk8u431\1359\hotspot\src\share\vm\interpreter\linkResolver.cpp, line 1185]
Event: 2.191 Thread 0x000001e68a00e800 Exception <a 'java/lang/NullPointerException'> (0x00000000f50910e0) thrown at [C:\jenkins\workspace\8-2-build-windows-x64-cygwin-sans-NAS\jdk8u431\1359\hotspot\src\share\vm\interpreter\linkResolver.cpp, line 1185]
Event: 2.193 Thread 0x000001e68a00e800 Exception <a 'java/lang/NullPointerException'> (0x00000000f50a8f00) thrown at [C:\jenkins\workspace\8-2-build-windows-x64-cygwin-sans-NAS\jdk8u431\1359\hotspot\src\share\vm\interpreter\linkResolver.cpp, line 1185]
Event: 2.193 Thread 0x000001e68a00e800 Exception <a 'java/lang/NullPointerException'> (0x00000000f50a9118) thrown at [C:\jenkins\workspace\8-2-build-windows-x64-cygwin-sans-NAS\jdk8u431\1359\hotspot\src\share\vm\interpreter\linkResolver.cpp, line 1185]
Event: 2.193 Thread 0x000001e68a00e800 Exception <a 'java/lang/NullPointerException'> (0x00000000f50a9330) thrown at [C:\jenkins\workspace\8-2-build-windows-x64-cygwin-sans-NAS\jdk8u431\1359\hotspot\src\share\vm\interpreter\linkResolver.cpp, line 1185]
Event: 2.642 Thread 0x000001e68a00e800 Implicit null exception at 0x000001e68bf7b454 to 0x000001e68bf7c751

Events (10 events):
Event: 2.756 Thread 0x000001e68a00e800 DEOPT UNPACKING pc=0x000001e68b9a7918 sp=0x000000e592ffbb40 mode 0
Event: 2.816 loading class sun/nio/cs/ISO_8859_1$Decoder
Event: 2.817 loading class sun/nio/cs/ISO_8859_1$Decoder done
Event: 2.817 Thread 0x000001e68a00e800 Uncommon trap: trap_request=0xffffff86 fr.pc=0x000001e68bc25b50
Event: 2.817 Thread 0x000001e68a00e800 DEOPT PACKING pc=0x000001e68bc25b50 sp=0x000000e592ffbd20
Event: 2.817 Thread 0x000001e68a00e800 DEOPT UNPACKING pc=0x000001e68b9a58c3 sp=0x000000e592ffbce8 mode 2
Event: 2.832 Thread 0x000001e68a00e800 DEOPT PACKING pc=0x000001e68bf386b2 sp=0x000000e592ffbfb0
Event: 2.832 Thread 0x000001e68a00e800 DEOPT UNPACKING pc=0x000001e68b9a7918 sp=0x000000e592ffbd48 mode 0
Event: 2.895 Thread 0x000001e68a00e800 DEOPT PACKING pc=0x000001e68bf4a1aa sp=0x000000e592ffc020
Event: 2.895 Thread 0x000001e68a00e800 DEOPT UNPACKING pc=0x000001e68b9a7918 sp=0x000000e592ffbea0 mode 0


Dynamic libraries:
0x00007ff669ed0000 - 0x00007ff669f1f000 	C:\Program Files\Java\jdk-1.8\bin\java.exe
0x00007ffa44150000 - 0x00007ffa44367000 	C:\WINDOWS\SYSTEM32\ntdll.dll
0x00007ffa42e30000 - 0x00007ffa42ef4000 	C:\WINDOWS\System32\KERNEL32.DLL
0x00007ffa41490000 - 0x00007ffa4184a000 	C:\WINDOWS\System32\KERNELBASE.dll
0x00007ffa430b0000 - 0x00007ffa43162000 	C:\WINDOWS\System32\ADVAPI32.dll
0x00007ffa42d20000 - 0x00007ffa42dc7000 	C:\WINDOWS\System32\msvcrt.dll
0x00007ffa432e0000 - 0x00007ffa43387000 	C:\WINDOWS\System32\sechost.dll
0x00007ffa41e10000 - 0x00007ffa41e38000 	C:\WINDOWS\System32\bcrypt.dll
0x00007ffa428e0000 - 0x00007ffa429f4000 	C:\WINDOWS\System32\RPCRT4.dll
0x00007ffa42f00000 - 0x00007ffa430ae000 	C:\WINDOWS\System32\USER32.dll
0x00007ffa41d60000 - 0x00007ffa41d86000 	C:\WINDOWS\System32\win32u.dll
0x00007ffa43390000 - 0x00007ffa433b9000 	C:\WINDOWS\System32\GDI32.dll
0x00007ffa41850000 - 0x00007ffa4196b000 	C:\WINDOWS\System32\gdi32full.dll
0x00007ffa41a90000 - 0x00007ffa41b2a000 	C:\WINDOWS\System32\msvcp_win.dll
0x00007ffa41970000 - 0x00007ffa41a81000 	C:\WINDOWS\System32\ucrtbase.dll
0x00007ffa2ddf0000 - 0x00007ffa2e082000 	C:\WINDOWS\WinSxS\amd64_microsoft.windows.common-controls_6595b64144ccf1df_6.0.22621.4541_none_2710d1c57384c085\COMCTL32.dll
0x00007ffa43d30000 - 0x00007ffa43d61000 	C:\WINDOWS\System32\IMM32.DLL
0x00007ffa33890000 - 0x00007ffa338ab000 	C:\Program Files\Java\jdk-1.8\jre\bin\vcruntime140.dll
0x00007ffa39310000 - 0x00007ffa3931c000 	C:\Program Files\Java\jdk-1.8\jre\bin\vcruntime140_1.dll
0x00007ff9f5dc0000 - 0x00007ff9f5e4e000 	C:\Program Files\Java\jdk-1.8\jre\bin\msvcp140.dll
0x00007ff9dc2d0000 - 0x00007ff9dcb7a000 	C:\Program Files\Java\jdk-1.8\jre\bin\server\jvm.dll
0x00007ffa43c10000 - 0x00007ffa43c18000 	C:\WINDOWS\System32\PSAPI.DLL
0x00007ffa29960000 - 0x00007ffa29969000 	C:\WINDOWS\SYSTEM32\WSOCK32.dll
0x00007ffa391e0000 - 0x00007ffa39214000 	C:\WINDOWS\SYSTEM32\WINMM.dll
0x00007ffa38d50000 - 0x00007ffa38d5a000 	C:\WINDOWS\SYSTEM32\VERSION.dll
0x00007ffa42770000 - 0x00007ffa427e1000 	C:\WINDOWS\System32\WS2_32.dll
0x00007ffa40410000 - 0x00007ffa40428000 	C:\WINDOWS\SYSTEM32\kernel.appcore.dll
0x00007ffa34410000 - 0x00007ffa34420000 	C:\Program Files\Java\jdk-1.8\jre\bin\verify.dll
0x00007ffa32340000 - 0x00007ffa3236b000 	C:\Program Files\Java\jdk-1.8\jre\bin\java.dll
0x00007ffa320c0000 - 0x00007ffa320d8000 	C:\Program Files\Java\jdk-1.8\jre\bin\zip.dll
0x00007ffa41ef0000 - 0x00007ffa42769000 	C:\WINDOWS\System32\SHELL32.dll
0x00007ffa3f300000 - 0x00007ffa3fc09000 	C:\WINDOWS\SYSTEM32\windows.storage.dll
0x00007ffa43d70000 - 0x00007ffa44101000 	C:\WINDOWS\System32\combase.dll
0x00007ffa3f1c0000 - 0x00007ffa3f2ff000 	C:\WINDOWS\SYSTEM32\wintypes.dll
0x00007ffa43b10000 - 0x00007ffa43c0a000 	C:\WINDOWS\System32\SHCORE.dll
0x00007ffa42dd0000 - 0x00007ffa42e2e000 	C:\WINDOWS\System32\shlwapi.dll
0x00007ffa41340000 - 0x00007ffa4136b000 	C:\WINDOWS\SYSTEM32\profapi.dll
0x00007ffa3c5f0000 - 0x00007ffa3c5fa000 	C:\Applications\Atlassian\atlassian-plugin-sdk-8.2.7\apache-maven-3.5.4\lib\jansi-native\windows64\jansi.dll
0x00007ffa31000000 - 0x00007ffa3101c000 	C:\Program Files\Java\jdk-1.8\jre\bin\net.dll
0x00007ffa40890000 - 0x00007ffa408f9000 	C:\WINDOWS\system32\mswsock.dll
0x00007ffa30130000 - 0x00007ffa30143000 	C:\Program Files\Java\jdk-1.8\jre\bin\nio.dll
0x00007ffa3ede0000 - 0x00007ffa3f012000 	C:\WINDOWS\SYSTEM32\dbghelp.dll
0x00007ffa43c20000 - 0x00007ffa43cf7000 	C:\WINDOWS\System32\OLEAUT32.dll
0x00007ffa41d90000 - 0x00007ffa41e0b000 	C:\WINDOWS\System32\bcryptPrimitives.dll

VM Arguments:
jvm_args: -Xms512M -Xmx768M -Dclassworlds.conf=C:\Applications\Atlassian\atlassian-plugin-sdk-8.2.7\apache-maven-3.5.4\bin\..\bin\m2.conf -Dmaven.home=C:\Applications\Atlassian\atlassian-plugin-sdk-8.2.7\apache-maven-3.5.4\bin\.. -Dlibrary.jansi.path=C:\Applications\Atlassian\atlassian-plugin-sdk-8.2.7\apache-maven-3.5.4\bin\..\lib\jansi-native -Dmaven.multiModuleProjectDirectory=C:\Users\vishw\OneDrive\Desktop\TCMplugin\tcmapp 
java_command: org.codehaus.plexus.classworlds.launcher.Launcher --batch-mode org.apache.maven.plugins:maven-dependency-plugin:3.1.2:resolve-plugins -DincludeGroupIds=com.atlassian.maven.plugins -DexcludeTransitive=true
java_class_path (initial): C:\Applications\Atlassian\atlassian-plugin-sdk-8.2.7\apache-maven-3.5.4\bin\..\boot\plexus-classworlds-2.5.2.jar
Launcher Type: SUN_STANDARD

Environment Variables:
JAVA_HOME=C:\Program Files\Java\jdk-1.8
PATH=C:\Program Files (x86)\Common Files\Oracle\Java\java8path;C:\Program Files (x86)\Common Files\Oracle\Java\javapath;C:\WINDOWS\system32;C:\WINDOWS;C:\WINDOWS\System32\Wbem;C:\WINDOWS\System32\WindowsPowerShell\v1.0\;C:\WINDOWS\System32\OpenSSH\;C:\Program Files\Git\cmd;C:\Users\vishw\AppData\Roaming\nvm;C:\Program Files\nodejs;C:\Program Files\dotnet\;C:\Program Files\MongoDB\Server\7.0\bin;C:\Program Files\Redis\;C:\Program Files\Java\jdk-1.8\bin;C:\Program Files\Common Files\Oracle\Java\javapath;C:\WINDOWS\system32;C:\WINDOWS;C:\WINDOWS\System32\Wbem;C:\WINDOWS\System32\WindowsPowerShell\v1.0\;C:\WINDOWS\System32\OpenSSH\;C:\Program Files\Git\cmd;C:\Users\vishw\AppData\Roaming\nvm;C:\Program Files\nodejs;C:\Program Files\dotnet\;C:\Program Files\MongoDB\Server\7.0\bin;C:\Program Files\Redis\;C:\Program Files\Docker\Docker\resources\bin;C:\Program Files\MySQL\MySQL Shell 8.0\bin\;C:\Users\vishw\AppData\Local\Programs\Python\Python39\Scripts\;C:\Users\vishw\AppData\Local\Programs\Python\Python39\;C:\Users\vishw\AppData\Local\Microsoft\WindowsApps;C:\Users\vishw\AppData\Roaming\npm;C:\Users\vishw\AppData\Local\Programs\Microsoft VS Code\bin;C:\Users\vishw\AppData\Roaming\nvm;C:\Program Files\nodejs;C:\Users\vishw\AppData\Local\nvs\;C:\Program Files\MongoDB\Server\7.0\bin;C:\Applications\Atlassian\atlassian-plugin-sdk-8.2.7\bin;
USERNAME=vishw
OS=Windows_NT
PROCESSOR_IDENTIFIER=Intel64 Family 6 Model 126 Stepping 5, GenuineIntel



---------------  S Y S T E M  ---------------

OS: Windows 11 , 64 bit Build 22621 (10.0.22621.4391)

CPU:total 4 (initial active 4) (2 cores per cpu, 2 threads per core) family 6 model 126 stepping 5, cmov, cx8, fxsr, mmx, sse, sse2, sse3, ssse3, sse4.1, sse4.2, popcnt, avx, avx2, aes, clmul, erms, 3dnowpref, lzcnt, ht, tsc, tscinvbit, bmi1, bmi2, adx

Memory: 4k page, physical 3956052k(99660k free), swap 16014676k(1600k free)

vm_info: Java HotSpot(TM) 64-Bit Server VM (25.431-b10) for windows-amd64 JRE (1.8.0_431-b10), built on Sep 30 2024 08:11:54 by "java_re" with MS VC++ 17.6 (VS2022)

time: Thu Feb 13 03:04:23 2025
timezone: India Standard Time
elapsed time: 2.965915 seconds (0d 0h 0m 2s)

